<?xml version="1.0" encoding="UTF-8"?>
<!-- Generated by org.testng.reporters.JUnitXMLReporter -->
<testsuite ignored="0" hostname="DreamSkater" failures="1" tests="4" name="Test4" time="6.884" errors="0" timestamp="2023-05-15T17:46:05 EDT">
  <testcase classname="baseClasses.FirstTest" name="first" time="5.011"/>
  <testcase classname="baseClasses.SecondTest" name="seond" time="0.001"/>
  <testcase classname="baseClasses.ThirdTest" name="third" time="0.0"/>
  <testcase classname="baseClasses.FBPageTest" name="demoTest" time="1.865">
    <failure type="java.lang.AssertionError" message="expected [Amsar] but found [Amar]">
      <![CDATA[java.lang.AssertionError: expected [Amsar] but found [Amar]
at baseClasses.FBPageTest.demoTest(FBPageTest.java:21)
at java.base/java.util.ArrayList.forEach(ArrayList.java:1511)
... Removed 35 stack frames]]>
    </failure>
  </testcase> <!-- demoTest -->
</testsuite> <!-- Test4 -->
