<?xml version="1.0" encoding="UTF-8"?>
<!-- Generated by org.testng.reporters.JUnitXMLReporter -->
<testsuite ignored="0" hostname="DreamSkater" failures="1" tests="2" name="Test3" time="3.779" errors="0" timestamp="2023-05-15T17:45:58 EDT">
  <testcase classname="baseClasses.ThirdTest" name="third" time="0.001"/>
  <testcase classname="baseClasses.FBPageTest" name="demoTest" time="3.773">
    <failure type="java.lang.AssertionError" message="expected [Amsar] but found [Amar]">
      <![CDATA[java.lang.AssertionError: expected [Amsar] but found [Amar]
at baseClasses.FBPageTest.demoTest(FBPageTest.java:21)
at java.base/java.util.ArrayList.forEach(ArrayList.java:1511)
... Removed 35 stack frames]]>
    </failure>
  </testcase> <!-- demoTest -->
</testsuite> <!-- Test3 -->
