<?xml version="1.0" encoding="UTF-8"?>
<testng-results ignored="0" total="11" passed="9" failed="2" skipped="0">
  <reporter-output>
  </reporter-output>
  <suite started-at="2023-05-18T15:47:07 EDT" name="Suite" finished-at="2023-05-18T15:47:39 EDT" duration-ms="31847">
    <groups>
    </groups>
    <test started-at="2023-05-18T15:47:07 EDT" name="Test1" finished-at="2023-05-18T15:47:12 EDT" duration-ms="5200">
      <class name="baseClasses.SecondTest">
        <test-method signature="seond()[pri:0, instance:baseClasses.SecondTest@4145bad8]" started-at="2023-05-18T15:47:12 EDT" name="seond" finished-at="2023-05-18T15:47:12 EDT" duration-ms="5" status="PASS">
          <reporter-output>
          </reporter-output>
        </test-method> <!-- seond -->
      </class> <!-- baseClasses.SecondTest -->
      <class name="baseClasses.FirstTest">
        <test-method signature="first()[pri:0, instance:baseClasses.FirstTest@e350b40]" started-at="2023-05-18T15:47:07 EDT" name="first" finished-at="2023-05-18T15:47:12 EDT" duration-ms="5021" status="PASS">
          <reporter-output>
          </reporter-output>
        </test-method> <!-- first -->
      </class> <!-- baseClasses.FirstTest -->
    </test> <!-- Test1 -->
    <test started-at="2023-05-18T15:47:12 EDT" name="Test2" finished-at="2023-05-18T15:47:17 EDT" duration-ms="5028">
      <class name="baseClasses.SecondTest">
        <test-method signature="seond()[pri:0, instance:baseClasses.SecondTest@645aa696]" started-at="2023-05-18T15:47:17 EDT" name="seond" finished-at="2023-05-18T15:47:17 EDT" duration-ms="4" status="PASS">
          <reporter-output>
          </reporter-output>
        </test-method> <!-- seond -->
      </class> <!-- baseClasses.SecondTest -->
      <class name="baseClasses.FirstTest">
        <test-method signature="first()[pri:0, instance:baseClasses.FirstTest@5b218417]" started-at="2023-05-18T15:47:12 EDT" name="first" finished-at="2023-05-18T15:47:17 EDT" duration-ms="5001" status="PASS">
          <reporter-output>
          </reporter-output>
        </test-method> <!-- first -->
      </class> <!-- baseClasses.FirstTest -->
      <class name="baseClasses.ThirdTest">
        <test-method signature="third()[pri:0, instance:baseClasses.ThirdTest@6caf0677]" started-at="2023-05-18T15:47:17 EDT" name="third" finished-at="2023-05-18T15:47:17 EDT" duration-ms="2" status="PASS">
          <reporter-output>
          </reporter-output>
        </test-method> <!-- third -->
      </class> <!-- baseClasses.ThirdTest -->
    </test> <!-- Test2 -->
    <test started-at="2023-05-18T15:47:17 EDT" name="Test3" finished-at="2023-05-18T15:47:29 EDT" duration-ms="12220">
      <class name="baseClasses.FBPageTest">
        <test-method signature="demoTest()[pri:0, instance:baseClasses.FBPageTest@6fa51cd4]" started-at="2023-05-18T15:47:17 EDT" name="demoTest" finished-at="2023-05-18T15:47:29 EDT" duration-ms="12204" status="FAIL">
          <exception class="java.lang.AssertionError">
            <message>
              <![CDATA[expected [Amsar] but found [Amar]]]>
            </message>
            <full-stacktrace>
              <![CDATA[java.lang.AssertionError: expected [Amsar] but found [Amar]
at org.testng.Assert.fail(Assert.java:110)
at org.testng.Assert.failNotEquals(Assert.java:1577)
at org.testng.Assert.assertEqualsImpl(Assert.java:149)
at org.testng.Assert.assertEquals(Assert.java:131)
at org.testng.Assert.assertEquals(Assert.java:655)
at org.testng.Assert.assertEquals(Assert.java:665)
at baseClasses.FBPageTest.demoTest(FBPageTest.java:21)
at java.base/jdk.internal.reflect.NativeMethodAccessorImpl.invoke0(Native Method)
at java.base/jdk.internal.reflect.NativeMethodAccessorImpl.invoke(NativeMethodAccessorImpl.java:62)
at java.base/jdk.internal.reflect.DelegatingMethodAccessorImpl.invoke(DelegatingMethodAccessorImpl.java:43)
at java.base/java.lang.reflect.Method.invoke(Method.java:566)
at org.testng.internal.invokers.MethodInvocationHelper.invokeMethod(MethodInvocationHelper.java:139)
at org.testng.internal.invokers.TestInvoker.invokeMethod(TestInvoker.java:677)
at org.testng.internal.invokers.TestInvoker.invokeTestMethod(TestInvoker.java:221)
at org.testng.internal.invokers.MethodRunner.runInSequence(MethodRunner.java:50)
at org.testng.internal.invokers.TestInvoker$MethodInvocationAgent.invoke(TestInvoker.java:969)
at org.testng.internal.invokers.TestInvoker.invokeTestMethods(TestInvoker.java:194)
at org.testng.internal.invokers.TestMethodWorker.invokeTestMethods(TestMethodWorker.java:148)
at org.testng.internal.invokers.TestMethodWorker.run(TestMethodWorker.java:128)
at java.base/java.util.ArrayList.forEach(ArrayList.java:1541)
at org.testng.TestRunner.privateRun(TestRunner.java:829)
at org.testng.TestRunner.run(TestRunner.java:602)
at org.testng.SuiteRunner.runTest(SuiteRunner.java:437)
at org.testng.SuiteRunner.runSequentially(SuiteRunner.java:431)
at org.testng.SuiteRunner.privateRun(SuiteRunner.java:391)
at org.testng.SuiteRunner.run(SuiteRunner.java:330)
at org.testng.SuiteRunnerWorker.runSuite(SuiteRunnerWorker.java:52)
at org.testng.SuiteRunnerWorker.run(SuiteRunnerWorker.java:95)
at org.testng.TestNG.runSuitesSequentially(TestNG.java:1256)
at org.testng.TestNG.runSuitesLocally(TestNG.java:1176)
at org.testng.TestNG.runSuites(TestNG.java:1099)
at org.testng.TestNG.run(TestNG.java:1067)
at org.apache.maven.surefire.testng.TestNGExecutor.run(TestNGExecutor.java:308)
at org.apache.maven.surefire.testng.TestNGXmlTestSuite.execute(TestNGXmlTestSuite.java:71)
at org.apache.maven.surefire.testng.TestNGProvider.invoke(TestNGProvider.java:113)
at org.apache.maven.surefire.booter.ForkedBooter.runSuitesInProcess(ForkedBooter.java:385)
at org.apache.maven.surefire.booter.ForkedBooter.execute(ForkedBooter.java:162)
at org.apache.maven.surefire.booter.ForkedBooter.run(ForkedBooter.java:507)
at org.apache.maven.surefire.booter.ForkedBooter.main(ForkedBooter.java:495)
]]>
            </full-stacktrace>
          </exception> <!-- java.lang.AssertionError -->
          <reporter-output>
          </reporter-output>
        </test-method> <!-- demoTest -->
      </class> <!-- baseClasses.FBPageTest -->
      <class name="baseClasses.ThirdTest">
        <test-method signature="third()[pri:0, instance:baseClasses.ThirdTest@402c4085]" started-at="2023-05-18T15:47:17 EDT" name="third" finished-at="2023-05-18T15:47:17 EDT" duration-ms="1" status="PASS">
          <reporter-output>
          </reporter-output>
        </test-method> <!-- third -->
      </class> <!-- baseClasses.ThirdTest -->
    </test> <!-- Test3 -->
    <test started-at="2023-05-18T15:47:29 EDT" name="Test4" finished-at="2023-05-18T15:47:39 EDT" duration-ms="9210">
      <class name="baseClasses.FBPageTest">
        <test-method signature="demoTest()[pri:0, instance:baseClasses.FBPageTest@7ce026d3]" started-at="2023-05-18T15:47:34 EDT" name="demoTest" finished-at="2023-05-18T15:47:39 EDT" duration-ms="4177" status="FAIL">
          <exception class="java.lang.AssertionError">
            <message>
              <![CDATA[expected [Amsar] but found [Amar]]]>
            </message>
            <full-stacktrace>
              <![CDATA[java.lang.AssertionError: expected [Amsar] but found [Amar]
at org.testng.Assert.fail(Assert.java:110)
at org.testng.Assert.failNotEquals(Assert.java:1577)
at org.testng.Assert.assertEqualsImpl(Assert.java:149)
at org.testng.Assert.assertEquals(Assert.java:131)
at org.testng.Assert.assertEquals(Assert.java:655)
at org.testng.Assert.assertEquals(Assert.java:665)
at baseClasses.FBPageTest.demoTest(FBPageTest.java:21)
at java.base/jdk.internal.reflect.NativeMethodAccessorImpl.invoke0(Native Method)
at java.base/jdk.internal.reflect.NativeMethodAccessorImpl.invoke(NativeMethodAccessorImpl.java:62)
at java.base/jdk.internal.reflect.DelegatingMethodAccessorImpl.invoke(DelegatingMethodAccessorImpl.java:43)
at java.base/java.lang.reflect.Method.invoke(Method.java:566)
at org.testng.internal.invokers.MethodInvocationHelper.invokeMethod(MethodInvocationHelper.java:139)
at org.testng.internal.invokers.TestInvoker.invokeMethod(TestInvoker.java:677)
at org.testng.internal.invokers.TestInvoker.invokeTestMethod(TestInvoker.java:221)
at org.testng.internal.invokers.MethodRunner.runInSequence(MethodRunner.java:50)
at org.testng.internal.invokers.TestInvoker$MethodInvocationAgent.invoke(TestInvoker.java:969)
at org.testng.internal.invokers.TestInvoker.invokeTestMethods(TestInvoker.java:194)
at org.testng.internal.invokers.TestMethodWorker.invokeTestMethods(TestMethodWorker.java:148)
at org.testng.internal.invokers.TestMethodWorker.run(TestMethodWorker.java:128)
at java.base/java.util.ArrayList.forEach(ArrayList.java:1541)
at org.testng.TestRunner.privateRun(TestRunner.java:829)
at org.testng.TestRunner.run(TestRunner.java:602)
at org.testng.SuiteRunner.runTest(SuiteRunner.java:437)
at org.testng.SuiteRunner.runSequentially(SuiteRunner.java:431)
at org.testng.SuiteRunner.privateRun(SuiteRunner.java:391)
at org.testng.SuiteRunner.run(SuiteRunner.java:330)
at org.testng.SuiteRunnerWorker.runSuite(SuiteRunnerWorker.java:52)
at org.testng.SuiteRunnerWorker.run(SuiteRunnerWorker.java:95)
at org.testng.TestNG.runSuitesSequentially(TestNG.java:1256)
at org.testng.TestNG.runSuitesLocally(TestNG.java:1176)
at org.testng.TestNG.runSuites(TestNG.java:1099)
at org.testng.TestNG.run(TestNG.java:1067)
at org.apache.maven.surefire.testng.TestNGExecutor.run(TestNGExecutor.java:308)
at org.apache.maven.surefire.testng.TestNGXmlTestSuite.execute(TestNGXmlTestSuite.java:71)
at org.apache.maven.surefire.testng.TestNGProvider.invoke(TestNGProvider.java:113)
at org.apache.maven.surefire.booter.ForkedBooter.runSuitesInProcess(ForkedBooter.java:385)
at org.apache.maven.surefire.booter.ForkedBooter.execute(ForkedBooter.java:162)
at org.apache.maven.surefire.booter.ForkedBooter.run(ForkedBooter.java:507)
at org.apache.maven.surefire.booter.ForkedBooter.main(ForkedBooter.java:495)
]]>
            </full-stacktrace>
          </exception> <!-- java.lang.AssertionError -->
          <reporter-output>
          </reporter-output>
        </test-method> <!-- demoTest -->
      </class> <!-- baseClasses.FBPageTest -->
      <class name="baseClasses.SecondTest">
        <test-method signature="seond()[pri:0, instance:baseClasses.SecondTest@cecf639]" started-at="2023-05-18T15:47:34 EDT" name="seond" finished-at="2023-05-18T15:47:34 EDT" duration-ms="1" status="PASS">
          <reporter-output>
          </reporter-output>
        </test-method> <!-- seond -->
      </class> <!-- baseClasses.SecondTest -->
      <class name="baseClasses.FirstTest">
        <test-method signature="first()[pri:0, instance:baseClasses.FirstTest@14028087]" started-at="2023-05-18T15:47:29 EDT" name="first" finished-at="2023-05-18T15:47:34 EDT" duration-ms="5012" status="PASS">
          <reporter-output>
          </reporter-output>
        </test-method> <!-- first -->
      </class> <!-- baseClasses.FirstTest -->
      <class name="baseClasses.ThirdTest">
        <test-method signature="third()[pri:0, instance:baseClasses.ThirdTest@1caa0244]" started-at="2023-05-18T15:47:34 EDT" name="third" finished-at="2023-05-18T15:47:34 EDT" duration-ms="2" status="PASS">
          <reporter-output>
          </reporter-output>
        </test-method> <!-- third -->
      </class> <!-- baseClasses.ThirdTest -->
    </test> <!-- Test4 -->
  </suite> <!-- Suite -->
</testng-results>
